<?xml version="1.0" encoding="UTF-8"?>
<!-- Generated by org.testng.reporters.JUnitXMLReporter -->
<testsuite ignored="1" hostname="Kiran" failures="0" tests="1" name="Default test" time="35.0" errors="0" timestamp="2024-01-02T10:43:13 IST">
  <testcase classname="interview_practice.SpiceJet_Assignment" name="SelectMinFlight" time="34.949"/>
  <testcase classname="interview_practice.SpiceJet_Assignment" name="FetchAndVerifyDepDate" time="0.0">
    <ignored/>
  </testcase> <!-- FetchAndVerifyDepDate -->
</testsuite> <!-- Default test -->
