<?xml version="1.0" encoding="UTF-8"?>
<!-- Generated by org.testng.reporters.JUnitXMLReporter -->
<testsuite ignored="0" hostname="DESKTOP-GTEVIFT" failures="0" tests="8" name="Test_Runner-2" time="5.075" errors="0" timestamp="2023-08-07T17:41:34 IST">
  <testcase classname="testng_Practice.TestNg_Batch_ExecuTest" name="test1" time="0.0">
    <skipped/>
  </testcase> <!-- test1 -->
  <testcase classname="testng_Practice.TestNg_Batch_ExecuTest" name="test2" time="0.0">
    <skipped/>
  </testcase> <!-- test2 -->
  <testcase classname="testng_Practice.TestNG_Group_ExTest" name="test1" time="0.0">
    <skipped/>
  </testcase> <!-- test1 -->
  <testcase classname="testng_Practice.TestNG_Group_ExTest" name="test2" time="0.001">
    <skipped/>
  </testcase> <!-- test2 -->
  <testcase classname="testng_Practice.TestNg_Group_ExeTest" name="test1" time="0.0">
    <skipped/>
  </testcase> <!-- test1 -->
  <testcase classname="testng_Practice.TestNg_Group_ExeTest" name="test2" time="0.0">
    <skipped/>
  </testcase> <!-- test2 -->
  <testcase classname="testng_Practice.TestNG_Batch_ExecutionTest" name="test1" time="0.001">
    <skipped/>
  </testcase> <!-- test1 -->
  <testcase classname="testng_Practice.TestNG_Batch_ExecutionTest" name="test2" time="0.0">
    <skipped/>
  </testcase> <!-- test2 -->
</testsuite> <!-- Test_Runner-2 -->
