<?xml version="1.0" encoding="UTF-8"?>
<!-- Generated by org.testng.reporters.JUnitXMLReporter -->
<testsuite ignored="0" hostname="DESKTOP-GTEVIFT" failures="0" tests="4" name="test runner-2" time="0.08" errors="0" timestamp="2023-08-07T16:53:26 IST">
  <testcase classname="testng_Practice.TestNg_Group_ExeTest" name="test1" time="0.0">
    <skipped/>
  </testcase> <!-- test1 -->
  <testcase classname="testng_Practice.TestNg_Group_ExeTest" name="test2" time="0.001">
    <skipped/>
  </testcase> <!-- test2 -->
  <testcase classname="testng_Practice.TestNG_Batch_ExecutionTest" name="test1" time="0.0">
    <skipped/>
  </testcase> <!-- test1 -->
  <testcase classname="testng_Practice.TestNG_Batch_ExecutionTest" name="test2" time="0.001">
    <skipped/>
  </testcase> <!-- test2 -->
</testsuite> <!-- test runner-2 -->
