<?xml version="1.0" encoding="UTF-8"?>
<!-- Generated by org.testng.reporters.JUnitXMLReporter -->
<testsuite ignored="0" hostname="DESKTOP-GTEVIFT" failures="1" tests="4" name="Test" time="31.114" errors="0" timestamp="2023-08-09T17:36:21 IST">
  <testcase classname="com.TestScripts_TestNG.Navigate_To_Campaigns_Test" name="navigateToCampaigns" time="0.389">
    <skipped/>
  </testcase> <!-- navigateToCampaigns -->
  <testcase classname="com.TestScripts_TestNG.Navigate_To_Campaigns_Test" name="navigateToCampaigns" time="0.21">
    <skipped/>
  </testcase> <!-- navigateToCampaigns -->
  <testcase classname="com.TestScripts_TestNG.Navigate_To_Campaigns_Test" name="navigateToCampaigns" time="0.241">
    <skipped/>
  </testcase> <!-- navigateToCampaigns -->
  <testcase classname="com.TestScripts_TestNG.Navigate_To_Campaigns_Test" name="navigateToCampaigns" time="0.226">
    <failure type="java.lang.AssertionError" message="null">
      <![CDATA[java.lang.AssertionError: null
at com.TestScripts_TestNG.Navigate_To_Campaigns_Test.navigateToCampaigns(Navigate_To_Campaigns_Test.java:18)
at java.base/java.util.ArrayList.forEach(ArrayList.java:1511)
at java.base/java.util.concurrent.FutureTask.run(FutureTask.java:264)
at java.base/java.util.concurrent.ThreadPoolExecutor.runWorker(ThreadPoolExecutor.java:1136)
at java.base/java.util.concurrent.ThreadPoolExecutor$Worker.run(ThreadPoolExecutor.java:635)
at java.base/java.lang.Thread.run(Thread.java:833)
... Removed 19 stack frames]]>
    </failure>
  </testcase> <!-- navigateToCampaigns -->
</testsuite> <!-- Test -->
