<?xml version="1.0" encoding="UTF-8"?>
<testng-results ignored="0" total="1" passed="1" failed="0" skipped="0">
  <reporter-output>
  </reporter-output>
  <suite started-at="2024-01-02T10:42:37 IST" name="Default suite" finished-at="2024-01-02T10:43:12 IST" duration-ms="35000">
    <groups>
    </groups>
    <test started-at="2024-01-02T10:42:37 IST" name="Default test" finished-at="2024-01-02T10:43:12 IST" duration-ms="35000">
      <class name="interview_practice.SpiceJet_Assignment">
        <test-method signature="SelectMinFlight()[pri:0, instance:interview_practice.SpiceJet_Assignment@2e3967ea]" started-at="2024-01-02T10:42:38 IST" name="SelectMinFlight" finished-at="2024-01-02T10:43:12 IST" duration-ms="34949" status="PASS">
          <reporter-output>
          </reporter-output>
        </test-method> <!-- SelectMinFlight -->
      </class> <!-- interview_practice.SpiceJet_Assignment -->
    </test> <!-- Default test -->
  </suite> <!-- Default suite -->
</testng-results>
